2024-07-30T22:22:30.302Z - Error: connect ECONNREFUSED ::1:3306
    at TCPConnectWrap.afterConnect [as oncomplete] (node:net:1495:16)
2024-07-30T22:22:45.040Z - Error: connect ECONNREFUSED ::1:3306
    at TCPConnectWrap.afterConnect [as oncomplete] (node:net:1495:16)
2024-08-13T16:14:05.287Z - Error: connect ECONNREFUSED 127.0.0.1:3306
    at TCPConnectWrap.afterConnect [as oncomplete] (net.js:1159:16)
2024-08-22T15:18:47.190Z - Error: Illegal arguments: undefined, number
    at _async (D:\Programacion\2024\farmacia-webapp\backend\node_modules\bcryptjs\dist\bcrypt.js:214:46)
    at D:\Programacion\2024\farmacia-webapp\backend\node_modules\bcryptjs\dist\bcrypt.js:223:17
    at new Promise (<anonymous>)
    at Object.bcrypt.hash (D:\Programacion\2024\farmacia-webapp\backend\node_modules\bcryptjs\dist\bcrypt.js:222:20)
    at Object.createUser (D:\Programacion\2024\farmacia-webapp\backend\models\userModel.js:23:43)
    at processTicksAndRejections (internal/process/task_queues.js:95:5)
    at async createUser (D:\Programacion\2024\farmacia-webapp\backend\controllers\userController.js:8:22)
2024-08-22T15:18:47.190Z - Error: Illegal arguments: undefined, number
    at _async (D:\Programacion\2024\farmacia-webapp\backend\node_modules\bcryptjs\dist\bcrypt.js:214:46)
    at D:\Programacion\2024\farmacia-webapp\backend\node_modules\bcryptjs\dist\bcrypt.js:223:17
    at new Promise (<anonymous>)
    at Object.bcrypt.hash (D:\Programacion\2024\farmacia-webapp\backend\node_modules\bcryptjs\dist\bcrypt.js:222:20)
    at Object.createUser (D:\Programacion\2024\farmacia-webapp\backend\models\userModel.js:23:43)
    at processTicksAndRejections (internal/process/task_queues.js:95:5)
    at async createUser (D:\Programacion\2024\farmacia-webapp\backend\controllers\userController.js:8:22)
2024-08-22T15:18:58.150Z - Error: Illegal arguments: undefined, number
    at _async (D:\Programacion\2024\farmacia-webapp\backend\node_modules\bcryptjs\dist\bcrypt.js:214:46)
    at D:\Programacion\2024\farmacia-webapp\backend\node_modules\bcryptjs\dist\bcrypt.js:223:17
    at new Promise (<anonymous>)
    at Object.bcrypt.hash (D:\Programacion\2024\farmacia-webapp\backend\node_modules\bcryptjs\dist\bcrypt.js:222:20)
    at Object.createUser (D:\Programacion\2024\farmacia-webapp\backend\models\userModel.js:23:43)
    at processTicksAndRejections (internal/process/task_queues.js:95:5)
    at async createUser (D:\Programacion\2024\farmacia-webapp\backend\controllers\userController.js:8:22)
2024-08-22T15:18:58.151Z - Error: Illegal arguments: undefined, number
    at _async (D:\Programacion\2024\farmacia-webapp\backend\node_modules\bcryptjs\dist\bcrypt.js:214:46)
    at D:\Programacion\2024\farmacia-webapp\backend\node_modules\bcryptjs\dist\bcrypt.js:223:17
    at new Promise (<anonymous>)
    at Object.bcrypt.hash (D:\Programacion\2024\farmacia-webapp\backend\node_modules\bcryptjs\dist\bcrypt.js:222:20)
    at Object.createUser (D:\Programacion\2024\farmacia-webapp\backend\models\userModel.js:23:43)
    at processTicksAndRejections (internal/process/task_queues.js:95:5)
    at async createUser (D:\Programacion\2024\farmacia-webapp\backend\controllers\userController.js:8:22)
2024-08-22T15:19:47.966Z - Error: Illegal arguments: undefined, number
    at _async (D:\Programacion\2024\farmacia-webapp\backend\node_modules\bcryptjs\dist\bcrypt.js:214:46)
    at D:\Programacion\2024\farmacia-webapp\backend\node_modules\bcryptjs\dist\bcrypt.js:223:17
    at new Promise (<anonymous>)
    at Object.bcrypt.hash (D:\Programacion\2024\farmacia-webapp\backend\node_modules\bcryptjs\dist\bcrypt.js:222:20)
    at Object.createUser (D:\Programacion\2024\farmacia-webapp\backend\models\userModel.js:23:43)
    at processTicksAndRejections (internal/process/task_queues.js:95:5)
    at async createUser (D:\Programacion\2024\farmacia-webapp\backend\controllers\userController.js:8:22)
2024-08-22T15:19:47.967Z - Error: Illegal arguments: undefined, number
    at _async (D:\Programacion\2024\farmacia-webapp\backend\node_modules\bcryptjs\dist\bcrypt.js:214:46)
    at D:\Programacion\2024\farmacia-webapp\backend\node_modules\bcryptjs\dist\bcrypt.js:223:17
    at new Promise (<anonymous>)
    at Object.bcrypt.hash (D:\Programacion\2024\farmacia-webapp\backend\node_modules\bcryptjs\dist\bcrypt.js:222:20)
    at Object.createUser (D:\Programacion\2024\farmacia-webapp\backend\models\userModel.js:23:43)
    at processTicksAndRejections (internal/process/task_queues.js:95:5)
    at async createUser (D:\Programacion\2024\farmacia-webapp\backend\controllers\userController.js:8:22)
2024-08-22T15:20:23.744Z - Error: Illegal arguments: undefined, number
    at _async (D:\Programacion\2024\farmacia-webapp\backend\node_modules\bcryptjs\dist\bcrypt.js:214:46)
    at D:\Programacion\2024\farmacia-webapp\backend\node_modules\bcryptjs\dist\bcrypt.js:223:17
    at new Promise (<anonymous>)
    at Object.bcrypt.hash (D:\Programacion\2024\farmacia-webapp\backend\node_modules\bcryptjs\dist\bcrypt.js:222:20)
    at Object.createUser (D:\Programacion\2024\farmacia-webapp\backend\models\userModel.js:23:43)
    at processTicksAndRejections (internal/process/task_queues.js:95:5)
    at async createUser (D:\Programacion\2024\farmacia-webapp\backend\controllers\userController.js:8:22)
2024-08-22T15:20:23.744Z - Error: Illegal arguments: undefined, number
    at _async (D:\Programacion\2024\farmacia-webapp\backend\node_modules\bcryptjs\dist\bcrypt.js:214:46)
    at D:\Programacion\2024\farmacia-webapp\backend\node_modules\bcryptjs\dist\bcrypt.js:223:17
    at new Promise (<anonymous>)
    at Object.bcrypt.hash (D:\Programacion\2024\farmacia-webapp\backend\node_modules\bcryptjs\dist\bcrypt.js:222:20)
    at Object.createUser (D:\Programacion\2024\farmacia-webapp\backend\models\userModel.js:23:43)
    at processTicksAndRejections (internal/process/task_queues.js:95:5)
    at async createUser (D:\Programacion\2024\farmacia-webapp\backend\controllers\userController.js:8:22)
2024-08-23T12:37:24.549Z - Error: Illegal arguments: undefined, number
    at _async (D:\Programacion\2024\farmacia-webapp\backend\node_modules\bcryptjs\dist\bcrypt.js:214:46)
    at D:\Programacion\2024\farmacia-webapp\backend\node_modules\bcryptjs\dist\bcrypt.js:223:17
    at new Promise (<anonymous>)
    at Object.bcrypt.hash (D:\Programacion\2024\farmacia-webapp\backend\node_modules\bcryptjs\dist\bcrypt.js:222:20)
    at Object.createUser (D:\Programacion\2024\farmacia-webapp\backend\models\userModel.js:23:43)
    at processTicksAndRejections (internal/process/task_queues.js:95:5)
    at async createUser (D:\Programacion\2024\farmacia-webapp\backend\controllers\userController.js:8:22)
2024-08-23T12:37:24.548Z - Error: Illegal arguments: undefined, number
    at _async (D:\Programacion\2024\farmacia-webapp\backend\node_modules\bcryptjs\dist\bcrypt.js:214:46)
    at D:\Programacion\2024\farmacia-webapp\backend\node_modules\bcryptjs\dist\bcrypt.js:223:17
    at new Promise (<anonymous>)
    at Object.bcrypt.hash (D:\Programacion\2024\farmacia-webapp\backend\node_modules\bcryptjs\dist\bcrypt.js:222:20)
    at Object.createUser (D:\Programacion\2024\farmacia-webapp\backend\models\userModel.js:23:43)
    at processTicksAndRejections (internal/process/task_queues.js:95:5)
    at async createUser (D:\Programacion\2024\farmacia-webapp\backend\controllers\userController.js:8:22)
2024-08-23T13:05:56.567Z - Error: Illegal arguments: undefined, number
    at _async (D:\Programacion\2024\farmacia-webapp\backend\node_modules\bcryptjs\dist\bcrypt.js:214:46)
    at D:\Programacion\2024\farmacia-webapp\backend\node_modules\bcryptjs\dist\bcrypt.js:223:17
    at new Promise (<anonymous>)
    at Object.bcrypt.hash (D:\Programacion\2024\farmacia-webapp\backend\node_modules\bcryptjs\dist\bcrypt.js:222:20)
    at Object.createUser (D:\Programacion\2024\farmacia-webapp\backend\models\userModel.js:23:43)
    at processTicksAndRejections (internal/process/task_queues.js:95:5)
    at async createUser (D:\Programacion\2024\farmacia-webapp\backend\controllers\userController.js:8:22)
2024-08-23T13:05:56.567Z - Error: Illegal arguments: undefined, number
    at _async (D:\Programacion\2024\farmacia-webapp\backend\node_modules\bcryptjs\dist\bcrypt.js:214:46)
    at D:\Programacion\2024\farmacia-webapp\backend\node_modules\bcryptjs\dist\bcrypt.js:223:17
    at new Promise (<anonymous>)
    at Object.bcrypt.hash (D:\Programacion\2024\farmacia-webapp\backend\node_modules\bcryptjs\dist\bcrypt.js:222:20)
    at Object.createUser (D:\Programacion\2024\farmacia-webapp\backend\models\userModel.js:23:43)
    at processTicksAndRejections (internal/process/task_queues.js:95:5)
    at async createUser (D:\Programacion\2024\farmacia-webapp\backend\controllers\userController.js:8:22)
2024-08-23T13:15:45.661Z - Error: Illegal arguments: undefined, number
    at _async (D:\Programacion\2024\farmacia-webapp\backend\node_modules\bcryptjs\dist\bcrypt.js:214:46)
    at D:\Programacion\2024\farmacia-webapp\backend\node_modules\bcryptjs\dist\bcrypt.js:223:17
    at new Promise (<anonymous>)
    at Object.bcrypt.hash (D:\Programacion\2024\farmacia-webapp\backend\node_modules\bcryptjs\dist\bcrypt.js:222:20)
    at Object.createUser (D:\Programacion\2024\farmacia-webapp\backend\models\userModel.js:23:43)
    at processTicksAndRejections (internal/process/task_queues.js:95:5)
    at async createUser (D:\Programacion\2024\farmacia-webapp\backend\controllers\userController.js:8:22)
2024-08-23T13:15:45.661Z - Error: Illegal arguments: undefined, number
    at _async (D:\Programacion\2024\farmacia-webapp\backend\node_modules\bcryptjs\dist\bcrypt.js:214:46)
    at D:\Programacion\2024\farmacia-webapp\backend\node_modules\bcryptjs\dist\bcrypt.js:223:17
    at new Promise (<anonymous>)
    at Object.bcrypt.hash (D:\Programacion\2024\farmacia-webapp\backend\node_modules\bcryptjs\dist\bcrypt.js:222:20)
    at Object.createUser (D:\Programacion\2024\farmacia-webapp\backend\models\userModel.js:23:43)
    at processTicksAndRejections (internal/process/task_queues.js:95:5)
    at async createUser (D:\Programacion\2024\farmacia-webapp\backend\controllers\userController.js:8:22)
2024-08-23T13:18:05.246Z - Error: Illegal arguments: undefined, number
    at _async (D:\Programacion\2024\farmacia-webapp\backend\node_modules\bcryptjs\dist\bcrypt.js:214:46)
    at D:\Programacion\2024\farmacia-webapp\backend\node_modules\bcryptjs\dist\bcrypt.js:223:17
    at new Promise (<anonymous>)
    at Object.bcrypt.hash (D:\Programacion\2024\farmacia-webapp\backend\node_modules\bcryptjs\dist\bcrypt.js:222:20)
    at Object.createUser (D:\Programacion\2024\farmacia-webapp\backend\models\userModel.js:23:43)
    at processTicksAndRejections (internal/process/task_queues.js:95:5)
    at async createUser (D:\Programacion\2024\farmacia-webapp\backend\controllers\userController.js:8:22)
2024-08-23T13:18:05.246Z - Error: Illegal arguments: undefined, number
    at _async (D:\Programacion\2024\farmacia-webapp\backend\node_modules\bcryptjs\dist\bcrypt.js:214:46)
    at D:\Programacion\2024\farmacia-webapp\backend\node_modules\bcryptjs\dist\bcrypt.js:223:17
    at new Promise (<anonymous>)
    at Object.bcrypt.hash (D:\Programacion\2024\farmacia-webapp\backend\node_modules\bcryptjs\dist\bcrypt.js:222:20)
    at Object.createUser (D:\Programacion\2024\farmacia-webapp\backend\models\userModel.js:23:43)
    at processTicksAndRejections (internal/process/task_queues.js:95:5)
    at async createUser (D:\Programacion\2024\farmacia-webapp\backend\controllers\userController.js:8:22)
2024-08-24T20:58:43.605Z - Error: connect ECONNREFUSED 127.0.0.1:3306
    at TCPConnectWrap.afterConnect [as oncomplete] (net.js:1159:16)
2024-08-24T20:58:50.831Z - Error: connect ECONNREFUSED 127.0.0.1:3306
    at TCPConnectWrap.afterConnect [as oncomplete] (net.js:1159:16)
2024-08-27T04:56:29.719Z - Error: El DNI ya está registrado para otro paciente
    at Object.createPatient (D:\Programacion\2024\farmacia-webapp\backend\models\patientsModel.js:28:15)
    at processTicksAndRejections (internal/process/task_queues.js:95:5)
    at async createPatient (D:\Programacion\2024\farmacia-webapp\backend\controllers\patientsController.js:8:25)
2024-08-27T04:56:29.719Z - Error: El DNI ya está registrado para otro paciente
    at Object.createPatient (D:\Programacion\2024\farmacia-webapp\backend\models\patientsModel.js:28:15)
    at processTicksAndRejections (internal/process/task_queues.js:95:5)
    at async createPatient (D:\Programacion\2024\farmacia-webapp\backend\controllers\patientsController.js:8:25)
2024-08-27T04:59:35.676Z - TypeError: res.isUnique is not a function
    at getPatientByDNI (D:\Programacion\2024\farmacia-webapp\backend\controllers\patientsController.js:78:13)
    at processTicksAndRejections (internal/process/task_queues.js:95:5)
2024-08-27T05:00:12.371Z - TypeError: res.isUnique is not a function
    at getPatientByDNI (D:\Programacion\2024\farmacia-webapp\backend\controllers\patientsController.js:78:13)
    at processTicksAndRejections (internal/process/task_queues.js:95:5)
2024-08-27T05:09:01.906Z - Error: Column 'first_name' cannot be null
    at PromisePoolConnection.query (D:\Programacion\2024\farmacia-webapp\backend\node_modules\mysql2\promise.js:94:22)
    at Object.createPatient (D:\Programacion\2024\farmacia-webapp\backend\models\patientsModel.js:48:41)
    at processTicksAndRejections (internal/process/task_queues.js:95:5)
    at async createPatient (D:\Programacion\2024\farmacia-webapp\backend\controllers\patientsController.js:8:25)
2024-08-27T05:09:01.906Z - Error: Column 'first_name' cannot be null
    at PromisePoolConnection.query (D:\Programacion\2024\farmacia-webapp\backend\node_modules\mysql2\promise.js:94:22)
    at Object.createPatient (D:\Programacion\2024\farmacia-webapp\backend\models\patientsModel.js:48:41)
    at processTicksAndRejections (internal/process/task_queues.js:95:5)
    at async createPatient (D:\Programacion\2024\farmacia-webapp\backend\controllers\patientsController.js:8:25)
2024-08-27T05:09:04.004Z - Error: Column 'first_name' cannot be null
    at PromisePoolConnection.query (D:\Programacion\2024\farmacia-webapp\backend\node_modules\mysql2\promise.js:94:22)
    at Object.createPatient (D:\Programacion\2024\farmacia-webapp\backend\models\patientsModel.js:48:41)
    at processTicksAndRejections (internal/process/task_queues.js:95:5)
    at async createPatient (D:\Programacion\2024\farmacia-webapp\backend\controllers\patientsController.js:8:25)
2024-08-27T05:09:04.004Z - Error: Column 'first_name' cannot be null
    at PromisePoolConnection.query (D:\Programacion\2024\farmacia-webapp\backend\node_modules\mysql2\promise.js:94:22)
    at Object.createPatient (D:\Programacion\2024\farmacia-webapp\backend\models\patientsModel.js:48:41)
    at processTicksAndRejections (internal/process/task_queues.js:95:5)
    at async createPatient (D:\Programacion\2024\farmacia-webapp\backend\controllers\patientsController.js:8:25)
2024-08-27T05:09:26.224Z - Error: Column 'first_name' cannot be null
    at PromisePoolConnection.query (D:\Programacion\2024\farmacia-webapp\backend\node_modules\mysql2\promise.js:94:22)
    at Object.createPatient (D:\Programacion\2024\farmacia-webapp\backend\models\patientsModel.js:48:41)
    at processTicksAndRejections (internal/process/task_queues.js:95:5)
    at async createPatient (D:\Programacion\2024\farmacia-webapp\backend\controllers\patientsController.js:8:25)
2024-08-27T05:09:26.224Z - Error: Column 'first_name' cannot be null
    at PromisePoolConnection.query (D:\Programacion\2024\farmacia-webapp\backend\node_modules\mysql2\promise.js:94:22)
    at Object.createPatient (D:\Programacion\2024\farmacia-webapp\backend\models\patientsModel.js:48:41)
    at processTicksAndRejections (internal/process/task_queues.js:95:5)
    at async createPatient (D:\Programacion\2024\farmacia-webapp\backend\controllers\patientsController.js:8:25)
2024-08-29T14:52:24.363Z - Error: Column 'first_name' cannot be null
    at PromisePoolConnection.query (D:\Programacion\2024\farmacia-webapp\backend\node_modules\mysql2\promise.js:94:22)
    at Object.createPatient (D:\Programacion\2024\farmacia-webapp\backend\models\patientsModel.js:48:41)
    at processTicksAndRejections (internal/process/task_queues.js:95:5)
    at async createPatient (D:\Programacion\2024\farmacia-webapp\backend\controllers\patientsController.js:8:25)
2024-08-29T14:52:24.363Z - Error: Column 'first_name' cannot be null
    at PromisePoolConnection.query (D:\Programacion\2024\farmacia-webapp\backend\node_modules\mysql2\promise.js:94:22)
    at Object.createPatient (D:\Programacion\2024\farmacia-webapp\backend\models\patientsModel.js:48:41)
    at processTicksAndRejections (internal/process/task_queues.js:95:5)
    at async createPatient (D:\Programacion\2024\farmacia-webapp\backend\controllers\patientsController.js:8:25)
2024-08-29T15:00:07.438Z - Error: Column 'first_name' cannot be null
    at PromisePoolConnection.query (D:\Programacion\2024\farmacia-webapp\backend\node_modules\mysql2\promise.js:94:22)
    at Object.createPatient (D:\Programacion\2024\farmacia-webapp\backend\models\patientsModel.js:48:41)
    at processTicksAndRejections (internal/process/task_queues.js:95:5)
    at async createPatient (D:\Programacion\2024\farmacia-webapp\backend\controllers\patientsController.js:8:25)
2024-08-29T15:00:07.438Z - Error: Column 'first_name' cannot be null
    at PromisePoolConnection.query (D:\Programacion\2024\farmacia-webapp\backend\node_modules\mysql2\promise.js:94:22)
    at Object.createPatient (D:\Programacion\2024\farmacia-webapp\backend\models\patientsModel.js:48:41)
    at processTicksAndRejections (internal/process/task_queues.js:95:5)
    at async createPatient (D:\Programacion\2024\farmacia-webapp\backend\controllers\patientsController.js:8:25)
2024-08-29T15:01:27.066Z - Error: Column 'last_name' cannot be null
    at PromisePoolConnection.query (D:\Programacion\2024\farmacia-webapp\backend\node_modules\mysql2\promise.js:94:22)
    at Object.createPatient (D:\Programacion\2024\farmacia-webapp\backend\models\patientsModel.js:48:41)
    at processTicksAndRejections (internal/process/task_queues.js:95:5)
    at async createPatient (D:\Programacion\2024\farmacia-webapp\backend\controllers\patientsController.js:8:25)
2024-08-29T15:01:27.066Z - Error: Column 'last_name' cannot be null
    at PromisePoolConnection.query (D:\Programacion\2024\farmacia-webapp\backend\node_modules\mysql2\promise.js:94:22)
    at Object.createPatient (D:\Programacion\2024\farmacia-webapp\backend\models\patientsModel.js:48:41)
    at processTicksAndRejections (internal/process/task_queues.js:95:5)
    at async createPatient (D:\Programacion\2024\farmacia-webapp\backend\controllers\patientsController.js:8:25)
2024-08-29T19:30:51.387Z - Error: Column 'created_by' cannot be null
    at PromisePoolConnection.query (D:\Programacion\2024\farmacia-webapp\backend\node_modules\mysql2\promise.js:94:22)
    at Object.createPatient (D:\Programacion\2024\farmacia-webapp\backend\models\patientsModel.js:48:41)
    at processTicksAndRejections (internal/process/task_queues.js:95:5)
    at async createPatient (D:\Programacion\2024\farmacia-webapp\backend\controllers\patientsController.js:8:25)
2024-08-29T19:30:51.387Z - Error: Column 'created_by' cannot be null
    at PromisePoolConnection.query (D:\Programacion\2024\farmacia-webapp\backend\node_modules\mysql2\promise.js:94:22)
    at Object.createPatient (D:\Programacion\2024\farmacia-webapp\backend\models\patientsModel.js:48:41)
    at processTicksAndRejections (internal/process/task_queues.js:95:5)
    at async createPatient (D:\Programacion\2024\farmacia-webapp\backend\controllers\patientsController.js:8:25)
2024-08-29T21:36:58.187Z - Error: Paciente no encontrado
    at Object.getPatientById (D:\Programacion\2024\farmacia-webapp\backend\models\patientsModel.js:71:15)
    at processTicksAndRejections (internal/process/task_queues.js:95:5)
    at async getPatientById (D:\Programacion\2024\farmacia-webapp\backend\controllers\patientsController.js:20:23)
2024-08-29T21:36:58.187Z - Error: Paciente no encontrado
    at Object.getPatientById (D:\Programacion\2024\farmacia-webapp\backend\models\patientsModel.js:71:15)
    at processTicksAndRejections (internal/process/task_queues.js:95:5)
    at async getPatientById (D:\Programacion\2024\farmacia-webapp\backend\controllers\patientsController.js:20:23)
2024-08-29T21:36:58.191Z - Error: Paciente no encontrado
    at Object.getPatientById (D:\Programacion\2024\farmacia-webapp\backend\models\patientsModel.js:71:15)
    at processTicksAndRejections (internal/process/task_queues.js:95:5)
    at async getPatientById (D:\Programacion\2024\farmacia-webapp\backend\controllers\patientsController.js:20:23)
2024-08-29T21:36:58.191Z - Error: Paciente no encontrado
    at Object.getPatientById (D:\Programacion\2024\farmacia-webapp\backend\models\patientsModel.js:71:15)
    at processTicksAndRejections (internal/process/task_queues.js:95:5)
    at async getPatientById (D:\Programacion\2024\farmacia-webapp\backend\controllers\patientsController.js:20:23)
2024-08-29T21:37:18.028Z - Error: Paciente no encontrado
    at Object.getPatientById (D:\Programacion\2024\farmacia-webapp\backend\models\patientsModel.js:71:15)
    at processTicksAndRejections (internal/process/task_queues.js:95:5)
    at async getPatientById (D:\Programacion\2024\farmacia-webapp\backend\controllers\patientsController.js:20:23)
2024-08-29T21:37:18.027Z - Error: Paciente no encontrado
    at Object.getPatientById (D:\Programacion\2024\farmacia-webapp\backend\models\patientsModel.js:71:15)
    at processTicksAndRejections (internal/process/task_queues.js:95:5)
    at async getPatientById (D:\Programacion\2024\farmacia-webapp\backend\controllers\patientsController.js:20:23)
2024-08-29T21:37:18.031Z - Error: Paciente no encontrado
    at Object.getPatientById (D:\Programacion\2024\farmacia-webapp\backend\models\patientsModel.js:71:15)
    at processTicksAndRejections (internal/process/task_queues.js:95:5)
    at async getPatientById (D:\Programacion\2024\farmacia-webapp\backend\controllers\patientsController.js:20:23)
2024-08-29T21:37:18.031Z - Error: Paciente no encontrado
    at Object.getPatientById (D:\Programacion\2024\farmacia-webapp\backend\models\patientsModel.js:71:15)
    at processTicksAndRejections (internal/process/task_queues.js:95:5)
    at async getPatientById (D:\Programacion\2024\farmacia-webapp\backend\controllers\patientsController.js:20:23)
2024-08-29T21:42:31.724Z - Error: Paciente no encontrado
    at Object.getPatientById (D:\Programacion\2024\farmacia-webapp\backend\models\patientsModel.js:71:15)
    at processTicksAndRejections (internal/process/task_queues.js:95:5)
    at async getPatientById (D:\Programacion\2024\farmacia-webapp\backend\controllers\patientsController.js:20:23)
2024-08-29T21:42:31.724Z - Error: Paciente no encontrado
    at Object.getPatientById (D:\Programacion\2024\farmacia-webapp\backend\models\patientsModel.js:71:15)
    at processTicksAndRejections (internal/process/task_queues.js:95:5)
    at async getPatientById (D:\Programacion\2024\farmacia-webapp\backend\controllers\patientsController.js:20:23)
2024-08-29T21:42:42.257Z - Error: Paciente no encontrado
    at Object.getPatientById (D:\Programacion\2024\farmacia-webapp\backend\models\patientsModel.js:71:15)
    at processTicksAndRejections (internal/process/task_queues.js:95:5)
    at async getPatientById (D:\Programacion\2024\farmacia-webapp\backend\controllers\patientsController.js:20:23)
2024-08-29T21:42:42.257Z - Error: Paciente no encontrado
    at Object.getPatientById (D:\Programacion\2024\farmacia-webapp\backend\models\patientsModel.js:71:15)
    at processTicksAndRejections (internal/process/task_queues.js:95:5)
    at async getPatientById (D:\Programacion\2024\farmacia-webapp\backend\controllers\patientsController.js:20:23)
2024-08-29T21:43:16.298Z - Error: Paciente no encontrado
    at Object.getPatientById (D:\Programacion\2024\farmacia-webapp\backend\models\patientsModel.js:71:15)
    at processTicksAndRejections (internal/process/task_queues.js:95:5)
    at async getPatientById (D:\Programacion\2024\farmacia-webapp\backend\controllers\patientsController.js:20:23)
2024-08-29T21:43:16.298Z - Error: Paciente no encontrado
    at Object.getPatientById (D:\Programacion\2024\farmacia-webapp\backend\models\patientsModel.js:71:15)
    at processTicksAndRejections (internal/process/task_queues.js:95:5)
    at async getPatientById (D:\Programacion\2024\farmacia-webapp\backend\controllers\patientsController.js:20:23)
2024-08-29T21:44:02.566Z - Error: Paciente no encontrado
    at Object.getPatientById (D:\Programacion\2024\farmacia-webapp\backend\models\patientsModel.js:71:15)
    at processTicksAndRejections (internal/process/task_queues.js:95:5)
    at async getPatientById (D:\Programacion\2024\farmacia-webapp\backend\controllers\patientsController.js:20:23)
2024-08-29T21:44:02.566Z - Error: Paciente no encontrado
    at Object.getPatientById (D:\Programacion\2024\farmacia-webapp\backend\models\patientsModel.js:71:15)
    at processTicksAndRejections (internal/process/task_queues.js:95:5)
    at async getPatientById (D:\Programacion\2024\farmacia-webapp\backend\controllers\patientsController.js:20:23)
2024-08-29T21:44:11.411Z - Error: Paciente no encontrado
    at Object.getPatientById (D:\Programacion\2024\farmacia-webapp\backend\models\patientsModel.js:71:15)
    at processTicksAndRejections (internal/process/task_queues.js:95:5)
    at async getPatientById (D:\Programacion\2024\farmacia-webapp\backend\controllers\patientsController.js:20:23)
2024-08-29T21:44:11.411Z - Error: Paciente no encontrado
    at Object.getPatientById (D:\Programacion\2024\farmacia-webapp\backend\models\patientsModel.js:71:15)
    at processTicksAndRejections (internal/process/task_queues.js:95:5)
    at async getPatientById (D:\Programacion\2024\farmacia-webapp\backend\controllers\patientsController.js:20:23)
2024-08-30T03:17:27.086Z - Error: Paciente no encontrado
    at Object.getPatientById (D:\Programacion\2024\farmacia-webapp\backend\models\patientsModel.js:71:15)
    at processTicksAndRejections (internal/process/task_queues.js:95:5)
    at async getPatientById (D:\Programacion\2024\farmacia-webapp\backend\controllers\patientsController.js:20:23)
2024-08-30T03:17:27.086Z - Error: Paciente no encontrado
    at Object.getPatientById (D:\Programacion\2024\farmacia-webapp\backend\models\patientsModel.js:71:15)
    at processTicksAndRejections (internal/process/task_queues.js:95:5)
    at async getPatientById (D:\Programacion\2024\farmacia-webapp\backend\controllers\patientsController.js:20:23)
2024-08-30T03:17:57.934Z - Error: Paciente no encontrado
    at Object.getPatientById (D:\Programacion\2024\farmacia-webapp\backend\models\patientsModel.js:71:15)
    at processTicksAndRejections (internal/process/task_queues.js:95:5)
    at async getPatientById (D:\Programacion\2024\farmacia-webapp\backend\controllers\patientsController.js:20:23)
2024-08-30T03:17:57.934Z - Error: Paciente no encontrado
    at Object.getPatientById (D:\Programacion\2024\farmacia-webapp\backend\models\patientsModel.js:71:15)
    at processTicksAndRejections (internal/process/task_queues.js:95:5)
    at async getPatientById (D:\Programacion\2024\farmacia-webapp\backend\controllers\patientsController.js:20:23)
2024-08-30T03:18:47.672Z - Error: Paciente no encontrado
    at Object.getPatientById (D:\Programacion\2024\farmacia-webapp\backend\models\patientsModel.js:71:15)
    at processTicksAndRejections (internal/process/task_queues.js:95:5)
    at async getPatientById (D:\Programacion\2024\farmacia-webapp\backend\controllers\patientsController.js:20:23)
2024-08-30T03:18:47.672Z - Error: Paciente no encontrado
    at Object.getPatientById (D:\Programacion\2024\farmacia-webapp\backend\models\patientsModel.js:71:15)
    at processTicksAndRejections (internal/process/task_queues.js:95:5)
    at async getPatientById (D:\Programacion\2024\farmacia-webapp\backend\controllers\patientsController.js:20:23)
2024-08-30T03:18:48.609Z - Error: Paciente no encontrado
    at Object.getPatientById (D:\Programacion\2024\farmacia-webapp\backend\models\patientsModel.js:71:15)
    at processTicksAndRejections (internal/process/task_queues.js:95:5)
    at async getPatientById (D:\Programacion\2024\farmacia-webapp\backend\controllers\patientsController.js:20:23)
2024-08-30T03:18:48.610Z - Error: Paciente no encontrado
    at Object.getPatientById (D:\Programacion\2024\farmacia-webapp\backend\models\patientsModel.js:71:15)
    at processTicksAndRejections (internal/process/task_queues.js:95:5)
    at async getPatientById (D:\Programacion\2024\farmacia-webapp\backend\controllers\patientsController.js:20:23)
2024-08-30T03:18:49.327Z - Error: Paciente no encontrado
    at Object.getPatientById (D:\Programacion\2024\farmacia-webapp\backend\models\patientsModel.js:71:15)
    at processTicksAndRejections (internal/process/task_queues.js:95:5)
    at async getPatientById (D:\Programacion\2024\farmacia-webapp\backend\controllers\patientsController.js:20:23)
2024-08-30T03:18:49.327Z - Error: Paciente no encontrado
    at Object.getPatientById (D:\Programacion\2024\farmacia-webapp\backend\models\patientsModel.js:71:15)
    at processTicksAndRejections (internal/process/task_queues.js:95:5)
    at async getPatientById (D:\Programacion\2024\farmacia-webapp\backend\controllers\patientsController.js:20:23)
2024-08-30T03:18:54.412Z - Error: Paciente no encontrado
    at Object.getPatientById (D:\Programacion\2024\farmacia-webapp\backend\models\patientsModel.js:71:15)
    at processTicksAndRejections (internal/process/task_queues.js:95:5)
    at async getPatientById (D:\Programacion\2024\farmacia-webapp\backend\controllers\patientsController.js:20:23)
2024-08-30T03:18:54.412Z - Error: Paciente no encontrado
    at Object.getPatientById (D:\Programacion\2024\farmacia-webapp\backend\models\patientsModel.js:71:15)
    at processTicksAndRejections (internal/process/task_queues.js:95:5)
    at async getPatientById (D:\Programacion\2024\farmacia-webapp\backend\controllers\patientsController.js:20:23)
2024-08-30T03:20:42.332Z - Error: Paciente no encontrado
    at Object.getPatientById (D:\Programacion\2024\farmacia-webapp\backend\models\patientsModel.js:71:15)
    at processTicksAndRejections (internal/process/task_queues.js:95:5)
    at async getPatientById (D:\Programacion\2024\farmacia-webapp\backend\controllers\patientsController.js:20:23)
2024-08-30T03:20:42.332Z - Error: Paciente no encontrado
    at Object.getPatientById (D:\Programacion\2024\farmacia-webapp\backend\models\patientsModel.js:71:15)
    at processTicksAndRejections (internal/process/task_queues.js:95:5)
    at async getPatientById (D:\Programacion\2024\farmacia-webapp\backend\controllers\patientsController.js:20:23)
2024-08-30T03:34:42.364Z - Error: Paciente no encontrado
    at Object.getPatientById (D:\Programacion\2024\farmacia-webapp\backend\models\patientsModel.js:71:15)
    at processTicksAndRejections (internal/process/task_queues.js:95:5)
    at async getPatientById (D:\Programacion\2024\farmacia-webapp\backend\controllers\patientsController.js:20:23)
2024-08-30T03:34:42.363Z - Error: Paciente no encontrado
    at Object.getPatientById (D:\Programacion\2024\farmacia-webapp\backend\models\patientsModel.js:71:15)
    at processTicksAndRejections (internal/process/task_queues.js:95:5)
    at async getPatientById (D:\Programacion\2024\farmacia-webapp\backend\controllers\patientsController.js:20:23)
2024-08-30T03:42:53.376Z - Error: Paciente no encontrado
    at Object.getPatientById (D:\Programacion\2024\farmacia-webapp\backend\models\patientsModel.js:71:15)
    at processTicksAndRejections (internal/process/task_queues.js:95:5)
    at async getPatientById (D:\Programacion\2024\farmacia-webapp\backend\controllers\patientsController.js:20:23)
2024-08-30T03:42:53.376Z - Error: Paciente no encontrado
    at Object.getPatientById (D:\Programacion\2024\farmacia-webapp\backend\models\patientsModel.js:71:15)
    at processTicksAndRejections (internal/process/task_queues.js:95:5)
    at async getPatientById (D:\Programacion\2024\farmacia-webapp\backend\controllers\patientsController.js:20:23)
2024-08-30T03:42:53.821Z - Error: Paciente no encontrado
    at Object.getPatientById (D:\Programacion\2024\farmacia-webapp\backend\models\patientsModel.js:71:15)
    at processTicksAndRejections (internal/process/task_queues.js:95:5)
    at async getPatientById (D:\Programacion\2024\farmacia-webapp\backend\controllers\patientsController.js:20:23)
2024-08-30T03:42:53.821Z - Error: Paciente no encontrado
    at Object.getPatientById (D:\Programacion\2024\farmacia-webapp\backend\models\patientsModel.js:71:15)
    at processTicksAndRejections (internal/process/task_queues.js:95:5)
    at async getPatientById (D:\Programacion\2024\farmacia-webapp\backend\controllers\patientsController.js:20:23)
2024-08-30T03:42:54.320Z - Error: Paciente no encontrado
    at Object.getPatientById (D:\Programacion\2024\farmacia-webapp\backend\models\patientsModel.js:71:15)
    at processTicksAndRejections (internal/process/task_queues.js:95:5)
    at async getPatientById (D:\Programacion\2024\farmacia-webapp\backend\controllers\patientsController.js:20:23)
2024-08-30T03:42:54.320Z - Error: Paciente no encontrado
    at Object.getPatientById (D:\Programacion\2024\farmacia-webapp\backend\models\patientsModel.js:71:15)
    at processTicksAndRejections (internal/process/task_queues.js:95:5)
    at async getPatientById (D:\Programacion\2024\farmacia-webapp\backend\controllers\patientsController.js:20:23)
2024-08-30T03:42:59.227Z - Error: Paciente no encontrado
    at Object.getPatientById (D:\Programacion\2024\farmacia-webapp\backend\models\patientsModel.js:71:15)
    at processTicksAndRejections (internal/process/task_queues.js:95:5)
    at async getPatientById (D:\Programacion\2024\farmacia-webapp\backend\controllers\patientsController.js:20:23)
2024-08-30T03:42:59.227Z - Error: Paciente no encontrado
    at Object.getPatientById (D:\Programacion\2024\farmacia-webapp\backend\models\patientsModel.js:71:15)
    at processTicksAndRejections (internal/process/task_queues.js:95:5)
    at async getPatientById (D:\Programacion\2024\farmacia-webapp\backend\controllers\patientsController.js:20:23)
2024-08-30T03:43:27.122Z - Error: Paciente no encontrado
    at Object.getPatientById (D:\Programacion\2024\farmacia-webapp\backend\models\patientsModel.js:71:15)
    at processTicksAndRejections (internal/process/task_queues.js:95:5)
    at async getPatientById (D:\Programacion\2024\farmacia-webapp\backend\controllers\patientsController.js:20:23)
2024-08-30T03:43:27.122Z - Error: Paciente no encontrado
    at Object.getPatientById (D:\Programacion\2024\farmacia-webapp\backend\models\patientsModel.js:71:15)
    at processTicksAndRejections (internal/process/task_queues.js:95:5)
    at async getPatientById (D:\Programacion\2024\farmacia-webapp\backend\controllers\patientsController.js:20:23)
2024-08-30T03:43:29.826Z - Error: Paciente no encontrado
    at Object.getPatientById (D:\Programacion\2024\farmacia-webapp\backend\models\patientsModel.js:71:15)
    at processTicksAndRejections (internal/process/task_queues.js:95:5)
    at async getPatientById (D:\Programacion\2024\farmacia-webapp\backend\controllers\patientsController.js:20:23)
2024-08-30T03:43:29.826Z - Error: Paciente no encontrado
    at Object.getPatientById (D:\Programacion\2024\farmacia-webapp\backend\models\patientsModel.js:71:15)
    at processTicksAndRejections (internal/process/task_queues.js:95:5)
    at async getPatientById (D:\Programacion\2024\farmacia-webapp\backend\controllers\patientsController.js:20:23)
2024-08-30T22:42:19.875Z - Error: No se proporcionaron campos para actualizar
    at Object.updatePatientById (D:\Programacion\2024\farmacia-webapp\backend\models\patientsModel.js:127:15)
    at processTicksAndRejections (internal/process/task_queues.js:95:5)
    at async updatePatientById (D:\Programacion\2024\farmacia-webapp\backend\controllers\patientsController.js:33:23)
2024-08-30T22:42:19.876Z - Error: No se proporcionaron campos para actualizar
    at Object.updatePatientById (D:\Programacion\2024\farmacia-webapp\backend\models\patientsModel.js:127:15)
    at processTicksAndRejections (internal/process/task_queues.js:95:5)
    at async updatePatientById (D:\Programacion\2024\farmacia-webapp\backend\controllers\patientsController.js:33:23)
2024-08-30T22:49:11.832Z - Error: No se proporcionaron campos para actualizar
    at Object.updatePatientById (D:\Programacion\2024\farmacia-webapp\backend\models\patientsModel.js:127:15)
    at processTicksAndRejections (internal/process/task_queues.js:95:5)
    at async updatePatientById (D:\Programacion\2024\farmacia-webapp\backend\controllers\patientsController.js:33:23)
2024-08-30T22:49:11.832Z - Error: No se proporcionaron campos para actualizar
    at Object.updatePatientById (D:\Programacion\2024\farmacia-webapp\backend\models\patientsModel.js:127:15)
    at processTicksAndRejections (internal/process/task_queues.js:95:5)
    at async updatePatientById (D:\Programacion\2024\farmacia-webapp\backend\controllers\patientsController.js:33:23)
2024-09-06T21:19:12.931Z - Error: connect ECONNREFUSED 127.0.0.1:3306
    at TCPConnectWrap.afterConnect [as oncomplete] (net.js:1159:16)
2024-09-06T21:19:33.533Z - Error: connect ECONNREFUSED 127.0.0.1:3306
    at TCPConnectWrap.afterConnect [as oncomplete] (net.js:1159:16)
2024-09-06T21:23:17.165Z - Error: connect ECONNREFUSED 127.0.0.1:3306
    at TCPConnectWrap.afterConnect [as oncomplete] (net.js:1159:16)
2024-09-06T21:35:20.172Z - Error: connect ECONNREFUSED 127.0.0.1:3306
    at TCPConnectWrap.afterConnect [as oncomplete] (net.js:1159:16)
2024-09-06T21:35:24.630Z - Error: connect ECONNREFUSED 127.0.0.1:3306
    at TCPConnectWrap.afterConnect [as oncomplete] (net.js:1159:16)
2024-09-06T21:35:30.498Z - Error: connect ECONNREFUSED 127.0.0.1:3306
    at TCPConnectWrap.afterConnect [as oncomplete] (net.js:1159:16)
2024-09-06T21:42:44.997Z - Error: connect ECONNREFUSED 127.0.0.1:3306
    at TCPConnectWrap.afterConnect [as oncomplete] (net.js:1159:16)
2024-09-06T21:42:48.649Z - Error: connect ECONNREFUSED 127.0.0.1:3306
    at TCPConnectWrap.afterConnect [as oncomplete] (net.js:1159:16)
2024-09-06T21:47:03.914Z - Error: connect ECONNREFUSED 127.0.0.1:3306
    at TCPConnectWrap.afterConnect [as oncomplete] (net.js:1159:16)
2024-09-06T21:47:06.079Z - Error: connect ECONNREFUSED 127.0.0.1:3306
    at TCPConnectWrap.afterConnect [as oncomplete] (net.js:1159:16)
2024-09-07T19:39:07.138Z - Error: connect ECONNREFUSED 127.0.0.1:3306
    at TCPConnectWrap.afterConnect [as oncomplete] (net.js:1159:16)
2024-09-07T19:39:09.434Z - Error: connect ECONNREFUSED 127.0.0.1:3306
    at TCPConnectWrap.afterConnect [as oncomplete] (net.js:1159:16)
2024-09-07T19:39:12.049Z - Error: connect ECONNREFUSED 127.0.0.1:3306
    at TCPConnectWrap.afterConnect [as oncomplete] (net.js:1159:16)
2024-09-07T19:43:59.049Z - Error: connect ECONNREFUSED 127.0.0.1:3306
    at TCPConnectWrap.afterConnect [as oncomplete] (net.js:1159:16)
2024-09-07T19:44:01.600Z - Error: connect ECONNREFUSED 127.0.0.1:3306
    at TCPConnectWrap.afterConnect [as oncomplete] (net.js:1159:16)
2024-09-07T19:44:14.475Z - Error: connect ECONNREFUSED 127.0.0.1:3306
    at TCPConnectWrap.afterConnect [as oncomplete] (net.js:1159:16)
2024-09-10T03:39:22.552Z - Error: Unknown column 'v.medication_applied' in 'field list'
    at PromisePoolConnection.query (D:\Programacion\2024\farmacia-webapp\backend\node_modules\mysql2\promise.js:94:22)
    at Object.getPatientByDNIWithVaccinations (D:\Programacion\2024\farmacia-webapp\backend\models\patientsModel.js:290:37)
    at processTicksAndRejections (internal/process/task_queues.js:95:5)
    at async getPatientByDNI (D:\Programacion\2024\farmacia-webapp\backend\controllers\patientsController.js:76:23)
2024-09-10T03:53:28.239Z - Error: Unknown column 'medication' in 'field list'
    at PromisePoolConnection.query (D:\Programacion\2024\farmacia-webapp\backend\node_modules\mysql2\promise.js:94:22)
    at Object.createVaccination (D:\Programacion\2024\farmacia-webapp\backend\models\vaccinationModel.js:16:41)
    at processTicksAndRejections (internal/process/task_queues.js:95:5)
    at async createVaccination (D:\Programacion\2024\farmacia-webapp\backend\controllers\vaccinationController.js:7:30)
2024-09-10T03:55:09.438Z - Error: Column 'medication_applied' cannot be null
    at PromisePoolConnection.query (D:\Programacion\2024\farmacia-webapp\backend\node_modules\mysql2\promise.js:94:22)
    at Object.createVaccination (D:\Programacion\2024\farmacia-webapp\backend\models\vaccinationModel.js:16:41)
    at processTicksAndRejections (internal/process/task_queues.js:95:5)
    at async createVaccination (D:\Programacion\2024\farmacia-webapp\backend\controllers\vaccinationController.js:7:30)
2024-09-10T04:07:29.009Z - Error: Column 'medication_applied' cannot be null
    at PromisePoolConnection.query (D:\Programacion\2024\farmacia-webapp\backend\node_modules\mysql2\promise.js:94:22)
    at Object.createVaccination (D:\Programacion\2024\farmacia-webapp\backend\models\vaccinationModel.js:16:41)
    at processTicksAndRejections (internal/process/task_queues.js:95:5)
    at async createVaccination (D:\Programacion\2024\farmacia-webapp\backend\controllers\vaccinationController.js:7:30)
2024-09-10T04:12:28.447Z - Error: Column 'medication_applied' cannot be null
    at PromisePoolConnection.query (D:\Programacion\2024\farmacia-webapp\backend\node_modules\mysql2\promise.js:94:22)
    at Object.createVaccination (D:\Programacion\2024\farmacia-webapp\backend\models\vaccinationModel.js:17:41)
    at processTicksAndRejections (internal/process/task_queues.js:95:5)
    at async createVaccination (D:\Programacion\2024\farmacia-webapp\backend\controllers\vaccinationController.js:7:30)
2024-09-10T04:12:57.053Z - Error: Column 'medication_applied' cannot be null
    at PromisePoolConnection.query (D:\Programacion\2024\farmacia-webapp\backend\node_modules\mysql2\promise.js:94:22)
    at Object.createVaccination (D:\Programacion\2024\farmacia-webapp\backend\models\vaccinationModel.js:17:41)
    at processTicksAndRejections (internal/process/task_queues.js:95:5)
    at async createVaccination (D:\Programacion\2024\farmacia-webapp\backend\controllers\vaccinationController.js:7:30)
2024-09-11T22:16:49.255Z - Error: connect ECONNREFUSED 127.0.0.1:3306
    at TCPConnectWrap.afterConnect [as oncomplete] (net.js:1159:16)
2024-09-11T22:16:50.436Z - Error: connect ECONNREFUSED 127.0.0.1:3306
    at TCPConnectWrap.afterConnect [as oncomplete] (net.js:1159:16)
2024-09-11T22:16:51.306Z - Error: connect ECONNREFUSED 127.0.0.1:3306
    at TCPConnectWrap.afterConnect [as oncomplete] (net.js:1159:16)
2024-09-11T22:16:52.470Z - Error: connect ECONNREFUSED 127.0.0.1:3306
    at TCPConnectWrap.afterConnect [as oncomplete] (net.js:1159:16)
2024-09-13T16:32:56.365Z - undefined
2024-09-13T16:42:18.531Z - undefined
2024-09-13T16:45:04.778Z - undefined
13/09/2024 13:48:23 - undefined
13/09/2024 13:49:01 - undefined
13/09/2024 13:51:46 - undefined
13/09/2024 14:00:56 - undefined
13/09/2024 14:01:26 - Error al agregar la prescripción:, Error: Error al agregar la prescripción a la base de datos
13/09/2024 14:02:32 - Error al agregar la prescripción:, Error: Error al agregar la prescripción a la base de datos
17/09/2024 02:00:38 - Error obteniendo las recetas próximas a vencer
17/09/2024 02:00:38 - Error al agregar la prescripción:, Error: Error obteniendo las recetas próximas a vencer
17/09/2024 02:01:30 - Error obteniendo las recetas próximas a vencer
17/09/2024 02:01:30 - Error al agregar la prescripción:, Error: Error obteniendo las recetas próximas a vencer
17/09/2024 02:01:46 - Error obteniendo las recetas próximas a vencer
17/09/2024 02:01:46 - Error al agregar la prescripción:, Error: Error obteniendo las recetas próximas a vencer
17/09/2024 02:02:11 - Error obteniendo las recetas próximas a vencer
17/09/2024 02:02:11 - Error al agregar la prescripción:, Error: Error obteniendo las recetas próximas a vencer
17/09/2024 02:03:11 - Error obteniendo las recetas próximas a vencer
17/09/2024 02:03:11 - 'Error al obtener recetas próximas a vencer -:, Error: Error obteniendo las recetas próximas a vencer
17/09/2024 02:04:08 - Error obteniendo las recetas próximas a vencer
17/09/2024 02:04:08 - 'Error al obtener recetas próximas a vencer -:, Error: Error obteniendo las recetas próximas a vencer
17/09/2024 02:05:14 - Error obteniendo las recetas próximas a vencer
17/09/2024 02:05:14 - 'Error al obtener recetas próximas a vencer -:, Error: Error obteniendo las recetas próximas a vencer
17/09/2024 02:05:18 - 'Error al obtener recetas próximas a vencer -:, Error: Error obteniendo las recetas próximas a vencer
17/09/2024 02:05:18 - Error obteniendo las recetas próximas a vencer
17/09/2024 02:06:22 - Error obteniendo las recetas próximas a vencer
17/09/2024 02:06:22 - 'Error al obtener recetas próximas a vencer -:, Error: Error obteniendo las recetas próximas a vencer
17/09/2024 02:56:13 - Error obteniendo las recetas próximas a vencer
17/09/2024 02:56:13 - 'Error al obtener recetas próximas a vencer -:, Error: Error obteniendo las recetas próximas a vencer
17/09/2024 12:11:33 - Error: connect ECONNREFUSED 127.0.0.1:3306
